<?xml version="1.0" encoding="UTF-8"?>
<testsuite xmlns:xsi="http://www.w3.org/2001/XMLSchema-instance" xsi:noNamespaceSchemaLocation="https://maven.apache.org/surefire/maven-surefire-plugin/xsd/surefire-test-report.xsd" name="ru.netology.GameStoreTest" time="0.113" tests="8" errors="0" skipped="0" failures="0">
  <properties>
[...]
</properties>
  <testcase name="shouldReturnBestPlayer" classname="ru.netology.GameStoreTest" time="0.077"/>
  <testcase name="shouldCheckAvailability" classname="ru.netology.GameStoreTest" time="0.001"/>
  <testcase name="shouldBestPlayerFromThree" classname="ru.netology.GameStoreTest" time="0"/>
  <testcase name="shouldSumPlayedTime" classname="ru.netology.GameStoreTest" time="0"/>
  <testcase name="shouldAddGame" classname="ru.netology.GameStoreTest" time="0.003"/>
  <testcase name="shouldReturnNull" classname="ru.netology.GameStoreTest" time="0.001"/>
  <testcase name="shouldAddTimeForOnePlayer" classname="ru.netology.GameStoreTest" time="0.001"/>
  <testcase name="shouldShowFalseIfThereIsNoMatches" classname="ru.netology.GameStoreTest" time="0.002"/>
</testsuite>